warning: Git tree '/home/joy/nix' is dirty
building the system configuration...
warning: Git tree '/home/joy/nix' is dirty
these 8 derivations will be built:
  /nix/store/awww6mcaccq9l0pf3c023j1m3d5rym7w-home-manager-files.drv
  /nix/store/ccza946fzlf60k3kd9g1s8yskkx7wkd3-home-manager-generation.drv
  /nix/store/1cpbmx13fsg5wcnnaw82v7vhhzwkfbm8-unit-home-manager-joy.service.drv
  /nix/store/fhaw24gi5q4h5j0q8gcf473k08ji2zy6-unit-script-nixos-upgrade-start.drv
  /nix/store/lcjbnv12r6ssdhpsli1w497fcnaja31f-unit-nixos-upgrade.service.drv
  /nix/store/466pbvl2h68s4g3qz73vyy7d5j0p7awk-system-units.drv
  /nix/store/dxpzjsihg14ak1qd8bdfsaha378inrhx-etc.drv
  /nix/store/4haqsqiflhxinxvxl2jvf6nc30p0ib9h-nixos-system-laptop-24.11.20240814.c3aa7b8.drv
building '/nix/store/fhaw24gi5q4h5j0q8gcf473k08ji2zy6-unit-script-nixos-upgrade-start.drv'...
building '/nix/store/awww6mcaccq9l0pf3c023j1m3d5rym7w-home-manager-files.drv'...
building '/nix/store/lcjbnv12r6ssdhpsli1w497fcnaja31f-unit-nixos-upgrade.service.drv'...
building '/nix/store/ccza946fzlf60k3kd9g1s8yskkx7wkd3-home-manager-generation.drv'...
building '/nix/store/1cpbmx13fsg5wcnnaw82v7vhhzwkfbm8-unit-home-manager-joy.service.drv'...
building '/nix/store/466pbvl2h68s4g3qz73vyy7d5j0p7awk-system-units.drv'...
building '/nix/store/dxpzjsihg14ak1qd8bdfsaha378inrhx-etc.drv'...
building '/nix/store/4haqsqiflhxinxvxl2jvf6nc30p0ib9h-nixos-system-laptop-24.11.20240814.c3aa7b8.drv'...
