warning: Git tree '/home/joy/nix' is dirty
building the system configuration...
warning: Git tree '/home/joy/nix' is dirty
these 10 derivations will be built:
  /nix/store/drh8fnyv3g4xnlf51krysn1s9yi6k360-hm_hyprhyprland.conf.drv
  /nix/store/9khlmhypjnsss2rlwx7m4q8b4xws46rj-home-manager-files.drv
  /nix/store/wngm559yp6c5q9rjh9bn40zq57wy9g54-activation-script.drv
  /nix/store/v7zy73mjp0lnrc0z9kky102dg3fmvvbk-home-manager-generation.drv
  /nix/store/3bib8y0b50bp4q94gkwy6byj04xhml7b-unit-home-manager-joy.service.drv
  /nix/store/lfgi92pa6pp7km4bad4m3hivs0nx53b2-unit-script-nixos-upgrade-start.drv
  /nix/store/6p9l74f4vawyrvrskv55l2xqz0zzq5il-unit-nixos-upgrade.service.drv
  /nix/store/yq44wg4c566frbpz7anykxsg7y46sdyl-system-units.drv
  /nix/store/bx67x0sdhxqg8wd7hgya2pnkz9mflnmd-etc.drv
  /nix/store/l9ix280qvcykp235q4qsw0z0qj8j9390-nixos-system-laptop-24.11.20240804.cb9a96f.drv
building '/nix/store/lfgi92pa6pp7km4bad4m3hivs0nx53b2-unit-script-nixos-upgrade-start.drv'...
building '/nix/store/drh8fnyv3g4xnlf51krysn1s9yi6k360-hm_hyprhyprland.conf.drv'...
building '/nix/store/6p9l74f4vawyrvrskv55l2xqz0zzq5il-unit-nixos-upgrade.service.drv'...
building '/nix/store/wngm559yp6c5q9rjh9bn40zq57wy9g54-activation-script.drv'...
building '/nix/store/9khlmhypjnsss2rlwx7m4q8b4xws46rj-home-manager-files.drv'...
building '/nix/store/v7zy73mjp0lnrc0z9kky102dg3fmvvbk-home-manager-generation.drv'...
building '/nix/store/3bib8y0b50bp4q94gkwy6byj04xhml7b-unit-home-manager-joy.service.drv'...
building '/nix/store/yq44wg4c566frbpz7anykxsg7y46sdyl-system-units.drv'...
building '/nix/store/bx67x0sdhxqg8wd7hgya2pnkz9mflnmd-etc.drv'...
building '/nix/store/l9ix280qvcykp235q4qsw0z0qj8j9390-nixos-system-laptop-24.11.20240804.cb9a96f.drv'...
activating the configuration...
setting up /etc...
reloading user units for joy...
restarting sysinit-reactivation.target
restarting the following units: home-manager-joy.service
